2018-07-31 23:04:09,227:INFO main (StartupInfoLogger.java:50) - Starting SpringbootApplication on QinLeideMBP with PID 1510 (started by qinlei in /Users/qinlei/工程目录/WebWorkSpace/springboot)
2018-07-31 23:04:09,236:INFO main (SpringApplication.java:659) - No active profile set, falling back to default profiles: default
2018-07-31 23:04:09,325:INFO main (AbstractApplicationContext.java:590) - Refreshing org.springframework.boot.web.servlet.context.AnnotationConfigServletWebServerApplicationContext@368247b9: startup date [Tue Jul 31 23:04:09 CST 2018]; root of context hierarchy
2018-07-31 23:04:10,389:INFO main (TomcatWebServer.java:91) - Tomcat initialized with port(s): 8088 (http)
2018-07-31 23:04:10,406:INFO main (DirectJDKLog.java:180) - Initializing ProtocolHandler ["http-nio-8088"]
2018-07-31 23:04:10,419:INFO main (DirectJDKLog.java:180) - Starting service [Tomcat]
2018-07-31 23:04:10,420:INFO main (DirectJDKLog.java:180) - Starting Servlet Engine: Apache Tomcat/8.5.31
2018-07-31 23:04:10,424:INFO localhost-startStop-1 (DirectJDKLog.java:180) - The APR based Apache Tomcat Native library which allows optimal performance in production environments was not found on the java.library.path: [/Users/qinlei/Library/Java/Extensions:/Library/Java/Extensions:/Network/Library/Java/Extensions:/System/Library/Java/Extensions:/usr/lib/java:.]
2018-07-31 23:04:10,505:INFO localhost-startStop-1 (DirectJDKLog.java:180) - Initializing Spring embedded WebApplicationContext
2018-07-31 23:04:10,505:INFO localhost-startStop-1 (ServletWebServerApplicationContext.java:285) - Root WebApplicationContext: initialization completed in 1186 ms
2018-07-31 23:04:10,625:INFO localhost-startStop-1 (ServletRegistrationBean.java:186) - Servlet dispatcherServlet mapped to [/]
2018-07-31 23:04:10,626:INFO localhost-startStop-1 (ServletRegistrationBean.java:186) - Servlet statViewServlet mapped to [/druid/*]
2018-07-31 23:04:10,631:INFO localhost-startStop-1 (AbstractFilterRegistrationBean.java:245) - Mapping filter: 'characterEncodingFilter' to: [/*]
2018-07-31 23:04:10,632:INFO localhost-startStop-1 (AbstractFilterRegistrationBean.java:245) - Mapping filter: 'hiddenHttpMethodFilter' to: [/*]
2018-07-31 23:04:10,633:INFO localhost-startStop-1 (AbstractFilterRegistrationBean.java:245) - Mapping filter: 'httpPutFormContentFilter' to: [/*]
2018-07-31 23:04:10,633:INFO localhost-startStop-1 (AbstractFilterRegistrationBean.java:245) - Mapping filter: 'requestContextFilter' to: [/*]
2018-07-31 23:04:10,633:INFO localhost-startStop-1 (AbstractFilterRegistrationBean.java:258) - Mapping filter: 'webStatFilter' to urls: [/*]
2018-07-31 23:04:10,717:INFO main (DruidDataSourceAutoConfigure.java:56) - Init DruidDataSource
2018-07-31 23:04:11,156:INFO main (DruidDataSource.java:930) - {dataSource-1} inited
2018-07-31 23:04:11,352:INFO main (AbstractUrlHandlerMapping.java:373) - Mapped URL path [/**/favicon.ico] onto handler of type [class org.springframework.web.servlet.resource.ResourceHttpRequestHandler]
2018-07-31 23:04:11,512:INFO main (RequestMappingHandlerAdapter.java:574) - Looking for @ControllerAdvice: org.springframework.boot.web.servlet.context.AnnotationConfigServletWebServerApplicationContext@368247b9: startup date [Tue Jul 31 23:04:09 CST 2018]; root of context hierarchy
2018-07-31 23:04:11,549:INFO main (AbstractHandlerMethodMapping.java:547) - Mapped "{[/show]}" onto public java.util.List<com.qlprimer.springboot.Entity.User> com.qlprimer.springboot.Controller.ShowDataBase.show()
2018-07-31 23:04:11,553:INFO main (AbstractHandlerMethodMapping.java:547) - Mapped "{[/error]}" onto public org.springframework.http.ResponseEntity<java.util.Map<java.lang.String, java.lang.Object>> org.springframework.boot.autoconfigure.web.servlet.error.BasicErrorController.error(javax.servlet.http.HttpServletRequest)
2018-07-31 23:04:11,554:INFO main (AbstractHandlerMethodMapping.java:547) - Mapped "{[/error],produces=[text/html]}" onto public org.springframework.web.servlet.ModelAndView org.springframework.boot.autoconfigure.web.servlet.error.BasicErrorController.errorHtml(javax.servlet.http.HttpServletRequest,javax.servlet.http.HttpServletResponse)
2018-07-31 23:04:11,575:INFO main (AbstractUrlHandlerMapping.java:373) - Mapped URL path [/webjars/**] onto handler of type [class org.springframework.web.servlet.resource.ResourceHttpRequestHandler]
2018-07-31 23:04:11,575:INFO main (AbstractUrlHandlerMapping.java:373) - Mapped URL path [/**] onto handler of type [class org.springframework.web.servlet.resource.ResourceHttpRequestHandler]
2018-07-31 23:04:11,808:INFO main (MBeanExporter.java:433) - Registering beans for JMX exposure on startup
2018-07-31 23:04:11,810:INFO main (MBeanExporter.java:895) - Bean with name 'statFilter' has been autodetected for JMX exposure
2018-07-31 23:04:11,810:INFO main (MBeanExporter.java:895) - Bean with name 'dataSource' has been autodetected for JMX exposure
2018-07-31 23:04:11,817:INFO main (MBeanExporter.java:668) - Located MBean 'dataSource': registering with JMX server as MBean [com.alibaba.druid.spring.boot.autoconfigure:name=dataSource,type=DruidDataSourceWrapper]
2018-07-31 23:04:11,818:INFO main (MBeanExporter.java:668) - Located MBean 'statFilter': registering with JMX server as MBean [com.alibaba.druid.filter.stat:name=statFilter,type=StatFilter]
2018-07-31 23:04:11,827:INFO main (DirectJDKLog.java:180) - Starting ProtocolHandler ["http-nio-8088"]
2018-07-31 23:04:11,856:INFO main (DirectJDKLog.java:180) - Using a shared selector for servlet write/read
2018-07-31 23:04:11,866:INFO main (TomcatWebServer.java:206) - Tomcat started on port(s): 8088 (http) with context path ''
2018-07-31 23:04:11,871:INFO main (StartupInfoLogger.java:59) - Started SpringbootApplication in 3.037 seconds (JVM running for 4.472)
2018-07-31 23:04:20,238:INFO http-nio-8088-exec-1 (DirectJDKLog.java:180) - Initializing Spring FrameworkServlet 'dispatcherServlet'
2018-07-31 23:04:20,238:INFO http-nio-8088-exec-1 (FrameworkServlet.java:494) - FrameworkServlet 'dispatcherServlet': initialization started
2018-07-31 23:04:20,264:INFO http-nio-8088-exec-1 (FrameworkServlet.java:509) - FrameworkServlet 'dispatcherServlet': initialization completed in 25 ms
2018-07-31 23:04:20,305:INFO http-nio-8088-exec-1 (LoginIntercept.java:19) - LoginIntercept====
2018-07-31 23:07:34,781:INFO http-nio-8088-exec-3 (LoginIntercept.java:19) - LoginIntercept====
2018-07-31 23:07:34,810:INFO http-nio-8088-exec-3 (LoginIntercept.java:19) - LoginIntercept====
2018-07-31 23:07:42,945:INFO http-nio-8088-exec-5 (LoginIntercept.java:19) - LoginIntercept====
2018-07-31 23:07:42,946:INFO http-nio-8088-exec-5 (LoginIntercept.java:19) - LoginIntercept====
2018-07-31 23:12:31,949:INFO http-nio-8088-exec-7 (LoginIntercept.java:19) - LoginIntercept====
2018-07-31 23:12:31,950:INFO http-nio-8088-exec-7 (LoginIntercept.java:19) - LoginIntercept====
2018-07-31 23:13:50,053:INFO Thread-10 (AbstractApplicationContext.java:993) - Closing org.springframework.boot.web.servlet.context.AnnotationConfigServletWebServerApplicationContext@368247b9: startup date [Tue Jul 31 23:04:09 CST 2018]; root of context hierarchy
2018-07-31 23:13:50,055:INFO Thread-10 (MBeanExporter.java:451) - Unregistering JMX-exposed beans on shutdown
2018-07-31 23:13:50,056:INFO Thread-10 (MBeanRegistrationSupport.java:183) - Unregistering JMX-exposed beans
2018-07-31 23:13:50,065:INFO Thread-10 (DruidDataSource.java:1825) - {dataSource-1} closed
2018-07-31 23:14:22,916:INFO main (StartupInfoLogger.java:50) - Starting SpringbootApplication on QinLeideMBP with PID 1575 (started by qinlei in /Users/qinlei/工程目录/WebWorkSpace/springboot)
2018-07-31 23:14:22,921:INFO main (SpringApplication.java:659) - No active profile set, falling back to default profiles: default
2018-07-31 23:14:23,063:INFO main (AbstractApplicationContext.java:590) - Refreshing org.springframework.boot.web.servlet.context.AnnotationConfigServletWebServerApplicationContext@368247b9: startup date [Tue Jul 31 23:14:23 CST 2018]; root of context hierarchy
2018-07-31 23:14:24,297:INFO main (TomcatWebServer.java:91) - Tomcat initialized with port(s): 8088 (http)
2018-07-31 23:14:24,318:INFO main (DirectJDKLog.java:180) - Initializing ProtocolHandler ["http-nio-8088"]
2018-07-31 23:14:24,333:INFO main (DirectJDKLog.java:180) - Starting service [Tomcat]
2018-07-31 23:14:24,334:INFO main (DirectJDKLog.java:180) - Starting Servlet Engine: Apache Tomcat/8.5.31
2018-07-31 23:14:24,338:INFO localhost-startStop-1 (DirectJDKLog.java:180) - The APR based Apache Tomcat Native library which allows optimal performance in production environments was not found on the java.library.path: [/Users/qinlei/Library/Java/Extensions:/Library/Java/Extensions:/Network/Library/Java/Extensions:/System/Library/Java/Extensions:/usr/lib/java:.]
2018-07-31 23:14:24,433:INFO localhost-startStop-1 (DirectJDKLog.java:180) - Initializing Spring embedded WebApplicationContext
2018-07-31 23:14:24,433:INFO localhost-startStop-1 (ServletWebServerApplicationContext.java:285) - Root WebApplicationContext: initialization completed in 1376 ms
2018-07-31 23:14:24,594:INFO localhost-startStop-1 (ServletRegistrationBean.java:186) - Servlet dispatcherServlet mapped to [/]
2018-07-31 23:14:24,596:INFO localhost-startStop-1 (ServletRegistrationBean.java:186) - Servlet statViewServlet mapped to [/druid/*]
2018-07-31 23:14:24,600:INFO localhost-startStop-1 (AbstractFilterRegistrationBean.java:245) - Mapping filter: 'characterEncodingFilter' to: [/*]
2018-07-31 23:14:24,600:INFO localhost-startStop-1 (AbstractFilterRegistrationBean.java:245) - Mapping filter: 'hiddenHttpMethodFilter' to: [/*]
2018-07-31 23:14:24,600:INFO localhost-startStop-1 (AbstractFilterRegistrationBean.java:245) - Mapping filter: 'httpPutFormContentFilter' to: [/*]
2018-07-31 23:14:24,600:INFO localhost-startStop-1 (AbstractFilterRegistrationBean.java:245) - Mapping filter: 'requestContextFilter' to: [/*]
2018-07-31 23:14:24,601:INFO localhost-startStop-1 (AbstractFilterRegistrationBean.java:258) - Mapping filter: 'webStatFilter' to urls: [/*]
2018-07-31 23:14:24,665:INFO main (DruidDataSourceAutoConfigure.java:56) - Init DruidDataSource
2018-07-31 23:14:25,110:INFO main (DruidDataSource.java:930) - {dataSource-1} inited
2018-07-31 23:14:25,314:INFO main (AbstractUrlHandlerMapping.java:373) - Mapped URL path [/**/favicon.ico] onto handler of type [class org.springframework.web.servlet.resource.ResourceHttpRequestHandler]
2018-07-31 23:14:25,472:INFO main (RequestMappingHandlerAdapter.java:574) - Looking for @ControllerAdvice: org.springframework.boot.web.servlet.context.AnnotationConfigServletWebServerApplicationContext@368247b9: startup date [Tue Jul 31 23:14:23 CST 2018]; root of context hierarchy
2018-07-31 23:14:25,512:INFO main (AbstractHandlerMethodMapping.java:547) - Mapped "{[/show]}" onto public java.util.List<com.qlprimer.springboot.Entity.User> com.qlprimer.springboot.Controller.ShowDataBase.show()
2018-07-31 23:14:25,516:INFO main (AbstractHandlerMethodMapping.java:547) - Mapped "{[/error]}" onto public org.springframework.http.ResponseEntity<java.util.Map<java.lang.String, java.lang.Object>> org.springframework.boot.autoconfigure.web.servlet.error.BasicErrorController.error(javax.servlet.http.HttpServletRequest)
2018-07-31 23:14:25,517:INFO main (AbstractHandlerMethodMapping.java:547) - Mapped "{[/error],produces=[text/html]}" onto public org.springframework.web.servlet.ModelAndView org.springframework.boot.autoconfigure.web.servlet.error.BasicErrorController.errorHtml(javax.servlet.http.HttpServletRequest,javax.servlet.http.HttpServletResponse)
2018-07-31 23:14:25,548:INFO main (AbstractUrlHandlerMapping.java:373) - Mapped URL path [/webjars/**] onto handler of type [class org.springframework.web.servlet.resource.ResourceHttpRequestHandler]
2018-07-31 23:14:25,548:INFO main (AbstractUrlHandlerMapping.java:373) - Mapped URL path [/**] onto handler of type [class org.springframework.web.servlet.resource.ResourceHttpRequestHandler]
2018-07-31 23:14:25,812:INFO main (MBeanExporter.java:433) - Registering beans for JMX exposure on startup
2018-07-31 23:14:25,814:INFO main (MBeanExporter.java:895) - Bean with name 'statFilter' has been autodetected for JMX exposure
2018-07-31 23:14:25,814:INFO main (MBeanExporter.java:895) - Bean with name 'dataSource' has been autodetected for JMX exposure
2018-07-31 23:14:25,821:INFO main (MBeanExporter.java:668) - Located MBean 'dataSource': registering with JMX server as MBean [com.alibaba.druid.spring.boot.autoconfigure:name=dataSource,type=DruidDataSourceWrapper]
2018-07-31 23:14:25,822:INFO main (MBeanExporter.java:668) - Located MBean 'statFilter': registering with JMX server as MBean [com.alibaba.druid.filter.stat:name=statFilter,type=StatFilter]
2018-07-31 23:14:25,835:INFO main (DirectJDKLog.java:180) - Starting ProtocolHandler ["http-nio-8088"]
2018-07-31 23:14:25,863:INFO main (DirectJDKLog.java:180) - Using a shared selector for servlet write/read
2018-07-31 23:14:25,874:INFO main (TomcatWebServer.java:206) - Tomcat started on port(s): 8088 (http) with context path ''
2018-07-31 23:14:25,880:INFO main (StartupInfoLogger.java:59) - Started SpringbootApplication in 3.416 seconds (JVM running for 4.559)
2018-07-31 23:14:53,161:INFO http-nio-8088-exec-1 (DirectJDKLog.java:180) - Initializing Spring FrameworkServlet 'dispatcherServlet'
2018-07-31 23:14:53,161:INFO http-nio-8088-exec-1 (FrameworkServlet.java:494) - FrameworkServlet 'dispatcherServlet': initialization started
2018-07-31 23:14:53,177:INFO http-nio-8088-exec-1 (FrameworkServlet.java:509) - FrameworkServlet 'dispatcherServlet': initialization completed in 16 ms
2018-07-31 23:14:53,215:INFO http-nio-8088-exec-1 (LoginIntercept.java:19) - LoginIntercept====
2018-07-31 23:15:07,164:INFO Thread-10 (AbstractApplicationContext.java:993) - Closing org.springframework.boot.web.servlet.context.AnnotationConfigServletWebServerApplicationContext@368247b9: startup date [Tue Jul 31 23:14:23 CST 2018]; root of context hierarchy
2018-07-31 23:15:07,166:INFO Thread-10 (MBeanExporter.java:451) - Unregistering JMX-exposed beans on shutdown
2018-07-31 23:15:07,167:INFO Thread-10 (MBeanRegistrationSupport.java:183) - Unregistering JMX-exposed beans
2018-07-31 23:15:07,179:INFO Thread-10 (DruidDataSource.java:1825) - {dataSource-1} closed
2018-07-31 23:15:21,903:INFO main (StartupInfoLogger.java:50) - Starting SpringbootApplication on QinLeideMBP with PID 1587 (started by qinlei in /Users/qinlei/工程目录/WebWorkSpace/springboot)
2018-07-31 23:15:21,915:INFO main (SpringApplication.java:659) - No active profile set, falling back to default profiles: default
2018-07-31 23:15:22,027:INFO main (AbstractApplicationContext.java:590) - Refreshing org.springframework.boot.web.servlet.context.AnnotationConfigServletWebServerApplicationContext@368247b9: startup date [Tue Jul 31 23:15:22 CST 2018]; root of context hierarchy
2018-07-31 23:15:23,335:INFO main (TomcatWebServer.java:91) - Tomcat initialized with port(s): 8088 (http)
2018-07-31 23:15:23,351:INFO main (DirectJDKLog.java:180) - Initializing ProtocolHandler ["http-nio-8088"]
2018-07-31 23:15:23,366:INFO main (DirectJDKLog.java:180) - Starting service [Tomcat]
2018-07-31 23:15:23,367:INFO main (DirectJDKLog.java:180) - Starting Servlet Engine: Apache Tomcat/8.5.31
2018-07-31 23:15:23,376:INFO localhost-startStop-1 (DirectJDKLog.java:180) - The APR based Apache Tomcat Native library which allows optimal performance in production environments was not found on the java.library.path: [/Users/qinlei/Library/Java/Extensions:/Library/Java/Extensions:/Network/Library/Java/Extensions:/System/Library/Java/Extensions:/usr/lib/java:.]
2018-07-31 23:15:23,445:INFO localhost-startStop-1 (DirectJDKLog.java:180) - Initializing Spring embedded WebApplicationContext
2018-07-31 23:15:23,446:INFO localhost-startStop-1 (ServletWebServerApplicationContext.java:285) - Root WebApplicationContext: initialization completed in 1424 ms
2018-07-31 23:15:23,571:INFO localhost-startStop-1 (ServletRegistrationBean.java:186) - Servlet dispatcherServlet mapped to [/]
2018-07-31 23:15:23,572:INFO localhost-startStop-1 (ServletRegistrationBean.java:186) - Servlet statViewServlet mapped to [/druid/*]
2018-07-31 23:15:23,574:INFO localhost-startStop-1 (AbstractFilterRegistrationBean.java:245) - Mapping filter: 'characterEncodingFilter' to: [/*]
2018-07-31 23:15:23,574:INFO localhost-startStop-1 (AbstractFilterRegistrationBean.java:245) - Mapping filter: 'hiddenHttpMethodFilter' to: [/*]
2018-07-31 23:15:23,575:INFO localhost-startStop-1 (AbstractFilterRegistrationBean.java:245) - Mapping filter: 'httpPutFormContentFilter' to: [/*]
2018-07-31 23:15:23,575:INFO localhost-startStop-1 (AbstractFilterRegistrationBean.java:245) - Mapping filter: 'requestContextFilter' to: [/*]
2018-07-31 23:15:23,575:INFO localhost-startStop-1 (AbstractFilterRegistrationBean.java:258) - Mapping filter: 'webStatFilter' to urls: [/*]
2018-07-31 23:15:23,633:INFO main (DruidDataSourceAutoConfigure.java:56) - Init DruidDataSource
2018-07-31 23:15:24,047:INFO main (DruidDataSource.java:930) - {dataSource-1} inited
2018-07-31 23:15:24,239:INFO main (AbstractUrlHandlerMapping.java:373) - Mapped URL path [/**/favicon.ico] onto handler of type [class org.springframework.web.servlet.resource.ResourceHttpRequestHandler]
2018-07-31 23:15:24,418:INFO main (RequestMappingHandlerAdapter.java:574) - Looking for @ControllerAdvice: org.springframework.boot.web.servlet.context.AnnotationConfigServletWebServerApplicationContext@368247b9: startup date [Tue Jul 31 23:15:22 CST 2018]; root of context hierarchy
2018-07-31 23:15:24,459:INFO main (AbstractHandlerMethodMapping.java:547) - Mapped "{[/show]}" onto public java.util.List<com.qlprimer.springboot.Entity.User> com.qlprimer.springboot.Controller.ShowDataBase.show()
2018-07-31 23:15:24,464:INFO main (AbstractHandlerMethodMapping.java:547) - Mapped "{[/error]}" onto public org.springframework.http.ResponseEntity<java.util.Map<java.lang.String, java.lang.Object>> org.springframework.boot.autoconfigure.web.servlet.error.BasicErrorController.error(javax.servlet.http.HttpServletRequest)
2018-07-31 23:15:24,465:INFO main (AbstractHandlerMethodMapping.java:547) - Mapped "{[/error],produces=[text/html]}" onto public org.springframework.web.servlet.ModelAndView org.springframework.boot.autoconfigure.web.servlet.error.BasicErrorController.errorHtml(javax.servlet.http.HttpServletRequest,javax.servlet.http.HttpServletResponse)
2018-07-31 23:15:24,493:INFO main (AbstractUrlHandlerMapping.java:373) - Mapped URL path [/webjars/**] onto handler of type [class org.springframework.web.servlet.resource.ResourceHttpRequestHandler]
2018-07-31 23:15:24,493:INFO main (AbstractUrlHandlerMapping.java:373) - Mapped URL path [/**] onto handler of type [class org.springframework.web.servlet.resource.ResourceHttpRequestHandler]
2018-07-31 23:15:24,698:INFO main (MBeanExporter.java:433) - Registering beans for JMX exposure on startup
2018-07-31 23:15:24,700:INFO main (MBeanExporter.java:895) - Bean with name 'statFilter' has been autodetected for JMX exposure
2018-07-31 23:15:24,700:INFO main (MBeanExporter.java:895) - Bean with name 'dataSource' has been autodetected for JMX exposure
2018-07-31 23:15:24,705:INFO main (MBeanExporter.java:668) - Located MBean 'dataSource': registering with JMX server as MBean [com.alibaba.druid.spring.boot.autoconfigure:name=dataSource,type=DruidDataSourceWrapper]
2018-07-31 23:15:24,706:INFO main (MBeanExporter.java:668) - Located MBean 'statFilter': registering with JMX server as MBean [com.alibaba.druid.filter.stat:name=statFilter,type=StatFilter]
2018-07-31 23:15:24,716:INFO main (DirectJDKLog.java:180) - Starting ProtocolHandler ["http-nio-8088"]
2018-07-31 23:15:24,743:INFO main (DirectJDKLog.java:180) - Using a shared selector for servlet write/read
2018-07-31 23:15:24,754:INFO main (TomcatWebServer.java:206) - Tomcat started on port(s): 8088 (http) with context path ''
2018-07-31 23:15:24,758:INFO main (StartupInfoLogger.java:59) - Started SpringbootApplication in 3.352 seconds (JVM running for 4.477)
2018-07-31 23:15:29,379:INFO http-nio-8088-exec-1 (DirectJDKLog.java:180) - Initializing Spring FrameworkServlet 'dispatcherServlet'
2018-07-31 23:15:29,379:INFO http-nio-8088-exec-1 (FrameworkServlet.java:494) - FrameworkServlet 'dispatcherServlet': initialization started
2018-07-31 23:15:29,396:INFO http-nio-8088-exec-1 (FrameworkServlet.java:509) - FrameworkServlet 'dispatcherServlet': initialization completed in 17 ms
2018-07-31 23:15:29,436:INFO http-nio-8088-exec-1 (LoginIntercept.java:19) - LoginIntercept====
2018-07-31 23:16:11,313:INFO Thread-11 (AbstractApplicationContext.java:993) - Closing org.springframework.boot.web.servlet.context.AnnotationConfigServletWebServerApplicationContext@368247b9: startup date [Tue Jul 31 23:15:22 CST 2018]; root of context hierarchy
2018-07-31 23:16:11,316:INFO Thread-11 (MBeanExporter.java:451) - Unregistering JMX-exposed beans on shutdown
2018-07-31 23:16:11,317:INFO Thread-11 (MBeanRegistrationSupport.java:183) - Unregistering JMX-exposed beans
2018-07-31 23:16:11,323:INFO Thread-11 (DruidDataSource.java:1825) - {dataSource-1} closed
2018-07-31 23:16:15,456:INFO main (StartupInfoLogger.java:50) - Starting SpringbootApplication on QinLeideMBP with PID 1591 (started by qinlei in /Users/qinlei/工程目录/WebWorkSpace/springboot)
2018-07-31 23:16:15,472:INFO main (SpringApplication.java:659) - No active profile set, falling back to default profiles: default
2018-07-31 23:16:15,588:INFO main (AbstractApplicationContext.java:590) - Refreshing org.springframework.boot.web.servlet.context.AnnotationConfigServletWebServerApplicationContext@1a6d8329: startup date [Tue Jul 31 23:16:15 CST 2018]; root of context hierarchy
2018-07-31 23:16:16,891:INFO main (TomcatWebServer.java:91) - Tomcat initialized with port(s): 8088 (http)
2018-07-31 23:16:16,906:INFO main (DirectJDKLog.java:180) - Initializing ProtocolHandler ["http-nio-8088"]
2018-07-31 23:16:16,915:INFO main (DirectJDKLog.java:180) - Starting service [Tomcat]
2018-07-31 23:16:16,916:INFO main (DirectJDKLog.java:180) - Starting Servlet Engine: Apache Tomcat/8.5.31
2018-07-31 23:16:16,920:INFO localhost-startStop-1 (DirectJDKLog.java:180) - The APR based Apache Tomcat Native library which allows optimal performance in production environments was not found on the java.library.path: [/Users/qinlei/Library/Java/Extensions:/Library/Java/Extensions:/Network/Library/Java/Extensions:/System/Library/Java/Extensions:/usr/lib/java:.]
2018-07-31 23:16:16,991:INFO localhost-startStop-1 (DirectJDKLog.java:180) - Initializing Spring embedded WebApplicationContext
2018-07-31 23:16:16,991:INFO localhost-startStop-1 (ServletWebServerApplicationContext.java:285) - Root WebApplicationContext: initialization completed in 1406 ms
2018-07-31 23:16:17,114:INFO localhost-startStop-1 (ServletRegistrationBean.java:186) - Servlet dispatcherServlet mapped to [/]
2018-07-31 23:16:17,115:INFO localhost-startStop-1 (ServletRegistrationBean.java:186) - Servlet statViewServlet mapped to [/druid/*]
2018-07-31 23:16:17,122:INFO localhost-startStop-1 (AbstractFilterRegistrationBean.java:245) - Mapping filter: 'characterEncodingFilter' to: [/*]
2018-07-31 23:16:17,123:INFO localhost-startStop-1 (AbstractFilterRegistrationBean.java:245) - Mapping filter: 'hiddenHttpMethodFilter' to: [/*]
2018-07-31 23:16:17,124:INFO localhost-startStop-1 (AbstractFilterRegistrationBean.java:245) - Mapping filter: 'httpPutFormContentFilter' to: [/*]
2018-07-31 23:16:17,125:INFO localhost-startStop-1 (AbstractFilterRegistrationBean.java:245) - Mapping filter: 'requestContextFilter' to: [/*]
2018-07-31 23:16:17,125:INFO localhost-startStop-1 (AbstractFilterRegistrationBean.java:258) - Mapping filter: 'webStatFilter' to urls: [/*]
2018-07-31 23:16:17,207:INFO main (DruidDataSourceAutoConfigure.java:56) - Init DruidDataSource
2018-07-31 23:16:17,732:INFO main (DruidDataSource.java:930) - {dataSource-1} inited
2018-07-31 23:16:17,956:INFO main (AbstractUrlHandlerMapping.java:373) - Mapped URL path [/**/favicon.ico] onto handler of type [class org.springframework.web.servlet.resource.ResourceHttpRequestHandler]
2018-07-31 23:16:18,104:INFO main (RequestMappingHandlerAdapter.java:574) - Looking for @ControllerAdvice: org.springframework.boot.web.servlet.context.AnnotationConfigServletWebServerApplicationContext@1a6d8329: startup date [Tue Jul 31 23:16:15 CST 2018]; root of context hierarchy
2018-07-31 23:16:18,142:INFO main (AbstractHandlerMethodMapping.java:547) - Mapped "{[/show]}" onto public java.util.List<com.qlprimer.springboot.Entity.User> com.qlprimer.springboot.Controller.ShowDataBase.show()
2018-07-31 23:16:18,146:INFO main (AbstractHandlerMethodMapping.java:547) - Mapped "{[/error]}" onto public org.springframework.http.ResponseEntity<java.util.Map<java.lang.String, java.lang.Object>> org.springframework.boot.autoconfigure.web.servlet.error.BasicErrorController.error(javax.servlet.http.HttpServletRequest)
2018-07-31 23:16:18,147:INFO main (AbstractHandlerMethodMapping.java:547) - Mapped "{[/error],produces=[text/html]}" onto public org.springframework.web.servlet.ModelAndView org.springframework.boot.autoconfigure.web.servlet.error.BasicErrorController.errorHtml(javax.servlet.http.HttpServletRequest,javax.servlet.http.HttpServletResponse)
2018-07-31 23:16:18,171:INFO main (AbstractUrlHandlerMapping.java:373) - Mapped URL path [/webjars/**] onto handler of type [class org.springframework.web.servlet.resource.ResourceHttpRequestHandler]
2018-07-31 23:16:18,172:INFO main (AbstractUrlHandlerMapping.java:373) - Mapped URL path [/**] onto handler of type [class org.springframework.web.servlet.resource.ResourceHttpRequestHandler]
2018-07-31 23:16:18,389:INFO main (MBeanExporter.java:433) - Registering beans for JMX exposure on startup
2018-07-31 23:16:18,391:INFO main (MBeanExporter.java:895) - Bean with name 'statFilter' has been autodetected for JMX exposure
2018-07-31 23:16:18,391:INFO main (MBeanExporter.java:895) - Bean with name 'dataSource' has been autodetected for JMX exposure
2018-07-31 23:16:18,396:INFO main (MBeanExporter.java:668) - Located MBean 'dataSource': registering with JMX server as MBean [com.alibaba.druid.spring.boot.autoconfigure:name=dataSource,type=DruidDataSourceWrapper]
2018-07-31 23:16:18,397:INFO main (MBeanExporter.java:668) - Located MBean 'statFilter': registering with JMX server as MBean [com.alibaba.druid.filter.stat:name=statFilter,type=StatFilter]
2018-07-31 23:16:18,407:INFO main (DirectJDKLog.java:180) - Starting ProtocolHandler ["http-nio-8088"]
2018-07-31 23:16:18,433:INFO main (DirectJDKLog.java:180) - Using a shared selector for servlet write/read
2018-07-31 23:16:18,444:INFO main (TomcatWebServer.java:206) - Tomcat started on port(s): 8088 (http) with context path ''
2018-07-31 23:16:18,448:INFO main (StartupInfoLogger.java:59) - Started SpringbootApplication in 3.494 seconds (JVM running for 4.619)
2018-07-31 23:16:23,828:INFO http-nio-8088-exec-1 (DirectJDKLog.java:180) - Initializing Spring FrameworkServlet 'dispatcherServlet'
2018-07-31 23:16:23,829:INFO http-nio-8088-exec-1 (FrameworkServlet.java:494) - FrameworkServlet 'dispatcherServlet': initialization started
2018-07-31 23:16:23,851:INFO http-nio-8088-exec-1 (FrameworkServlet.java:509) - FrameworkServlet 'dispatcherServlet': initialization completed in 22 ms
2018-07-31 23:16:47,956:INFO Thread-10 (AbstractApplicationContext.java:993) - Closing org.springframework.boot.web.servlet.context.AnnotationConfigServletWebServerApplicationContext@1a6d8329: startup date [Tue Jul 31 23:16:15 CST 2018]; root of context hierarchy
2018-07-31 23:16:47,958:INFO Thread-10 (MBeanExporter.java:451) - Unregistering JMX-exposed beans on shutdown
2018-07-31 23:16:47,959:INFO Thread-10 (MBeanRegistrationSupport.java:183) - Unregistering JMX-exposed beans
2018-07-31 23:16:47,968:INFO Thread-10 (DruidDataSource.java:1825) - {dataSource-1} closed
2018-07-31 23:23:15,389:INFO main (StartupInfoLogger.java:50) - Starting SpringbootApplication on QinLeideMBP with PID 1614 (started by qinlei in /Users/qinlei/工程目录/WebWorkSpace/springboot)
2018-07-31 23:23:15,414:INFO main (SpringApplication.java:659) - No active profile set, falling back to default profiles: default
2018-07-31 23:23:15,609:INFO main (AbstractApplicationContext.java:590) - Refreshing org.springframework.boot.web.servlet.context.AnnotationConfigServletWebServerApplicationContext@368247b9: startup date [Tue Jul 31 23:23:15 CST 2018]; root of context hierarchy
2018-07-31 23:23:16,741:INFO main (TomcatWebServer.java:91) - Tomcat initialized with port(s): 8088 (http)
2018-07-31 23:23:16,757:INFO main (DirectJDKLog.java:180) - Initializing ProtocolHandler ["http-nio-8088"]
2018-07-31 23:23:16,768:INFO main (DirectJDKLog.java:180) - Starting service [Tomcat]
2018-07-31 23:23:16,769:INFO main (DirectJDKLog.java:180) - Starting Servlet Engine: Apache Tomcat/8.5.31
2018-07-31 23:23:16,773:INFO localhost-startStop-1 (DirectJDKLog.java:180) - The APR based Apache Tomcat Native library which allows optimal performance in production environments was not found on the java.library.path: [/Users/qinlei/Library/Java/Extensions:/Library/Java/Extensions:/Network/Library/Java/Extensions:/System/Library/Java/Extensions:/usr/lib/java:.]
2018-07-31 23:23:16,856:INFO localhost-startStop-1 (DirectJDKLog.java:180) - Initializing Spring embedded WebApplicationContext
2018-07-31 23:23:16,857:INFO localhost-startStop-1 (ServletWebServerApplicationContext.java:285) - Root WebApplicationContext: initialization completed in 1257 ms
2018-07-31 23:23:16,994:INFO localhost-startStop-1 (ServletRegistrationBean.java:186) - Servlet dispatcherServlet mapped to [/]
2018-07-31 23:23:16,995:INFO localhost-startStop-1 (ServletRegistrationBean.java:186) - Servlet statViewServlet mapped to [/druid/*]
2018-07-31 23:23:16,998:INFO localhost-startStop-1 (AbstractFilterRegistrationBean.java:245) - Mapping filter: 'characterEncodingFilter' to: [/*]
2018-07-31 23:23:16,999:INFO localhost-startStop-1 (AbstractFilterRegistrationBean.java:245) - Mapping filter: 'hiddenHttpMethodFilter' to: [/*]
2018-07-31 23:23:16,999:INFO localhost-startStop-1 (AbstractFilterRegistrationBean.java:245) - Mapping filter: 'httpPutFormContentFilter' to: [/*]
2018-07-31 23:23:17,000:INFO localhost-startStop-1 (AbstractFilterRegistrationBean.java:245) - Mapping filter: 'requestContextFilter' to: [/*]
2018-07-31 23:23:17,000:INFO localhost-startStop-1 (AbstractFilterRegistrationBean.java:258) - Mapping filter: 'webStatFilter' to urls: [/*]
2018-07-31 23:23:17,082:INFO main (DruidDataSourceAutoConfigure.java:56) - Init DruidDataSource
2018-07-31 23:23:17,508:INFO main (DruidDataSource.java:930) - {dataSource-1} inited
2018-07-31 23:23:17,691:INFO main (AbstractUrlHandlerMapping.java:373) - Mapped URL path [/**/favicon.ico] onto handler of type [class org.springframework.web.servlet.resource.ResourceHttpRequestHandler]
2018-07-31 23:23:17,842:INFO main (RequestMappingHandlerAdapter.java:574) - Looking for @ControllerAdvice: org.springframework.boot.web.servlet.context.AnnotationConfigServletWebServerApplicationContext@368247b9: startup date [Tue Jul 31 23:23:15 CST 2018]; root of context hierarchy
2018-07-31 23:23:17,880:INFO main (AbstractHandlerMethodMapping.java:547) - Mapped "{[/show]}" onto public java.util.List<com.qlprimer.springboot.Entity.User> com.qlprimer.springboot.Controller.ShowDataBase.show()
2018-07-31 23:23:17,884:INFO main (AbstractHandlerMethodMapping.java:547) - Mapped "{[/error]}" onto public org.springframework.http.ResponseEntity<java.util.Map<java.lang.String, java.lang.Object>> org.springframework.boot.autoconfigure.web.servlet.error.BasicErrorController.error(javax.servlet.http.HttpServletRequest)
2018-07-31 23:23:17,885:INFO main (AbstractHandlerMethodMapping.java:547) - Mapped "{[/error],produces=[text/html]}" onto public org.springframework.web.servlet.ModelAndView org.springframework.boot.autoconfigure.web.servlet.error.BasicErrorController.errorHtml(javax.servlet.http.HttpServletRequest,javax.servlet.http.HttpServletResponse)
2018-07-31 23:23:17,906:INFO main (AbstractUrlHandlerMapping.java:373) - Mapped URL path [/webjars/**] onto handler of type [class org.springframework.web.servlet.resource.ResourceHttpRequestHandler]
2018-07-31 23:23:17,906:INFO main (AbstractUrlHandlerMapping.java:373) - Mapped URL path [/**] onto handler of type [class org.springframework.web.servlet.resource.ResourceHttpRequestHandler]
2018-07-31 23:23:18,162:INFO main (MBeanExporter.java:433) - Registering beans for JMX exposure on startup
2018-07-31 23:23:18,164:INFO main (MBeanExporter.java:895) - Bean with name 'statFilter' has been autodetected for JMX exposure
2018-07-31 23:23:18,164:INFO main (MBeanExporter.java:895) - Bean with name 'dataSource' has been autodetected for JMX exposure
2018-07-31 23:23:18,169:INFO main (MBeanExporter.java:668) - Located MBean 'dataSource': registering with JMX server as MBean [com.alibaba.druid.spring.boot.autoconfigure:name=dataSource,type=DruidDataSourceWrapper]
2018-07-31 23:23:18,169:INFO main (MBeanExporter.java:668) - Located MBean 'statFilter': registering with JMX server as MBean [com.alibaba.druid.filter.stat:name=statFilter,type=StatFilter]
2018-07-31 23:23:18,180:INFO main (DirectJDKLog.java:180) - Starting ProtocolHandler ["http-nio-8088"]
2018-07-31 23:23:18,208:INFO main (DirectJDKLog.java:180) - Using a shared selector for servlet write/read
2018-07-31 23:23:18,218:INFO main (TomcatWebServer.java:206) - Tomcat started on port(s): 8088 (http) with context path ''
2018-07-31 23:23:18,222:INFO main (StartupInfoLogger.java:59) - Started SpringbootApplication in 3.254 seconds (JVM running for 4.304)
2018-07-31 23:24:16,269:INFO http-nio-8088-exec-1 (DirectJDKLog.java:180) - Initializing Spring FrameworkServlet 'dispatcherServlet'
2018-07-31 23:24:16,269:INFO http-nio-8088-exec-1 (FrameworkServlet.java:494) - FrameworkServlet 'dispatcherServlet': initialization started
2018-07-31 23:24:16,285:INFO http-nio-8088-exec-1 (FrameworkServlet.java:509) - FrameworkServlet 'dispatcherServlet': initialization completed in 15 ms
2018-07-31 23:24:16,320:INFO http-nio-8088-exec-1 (LoginIntercept.java:19) - LoginIntercept====
2018-07-31 23:34:52,132:INFO Thread-11 (AbstractApplicationContext.java:993) - Closing org.springframework.boot.web.servlet.context.AnnotationConfigServletWebServerApplicationContext@368247b9: startup date [Tue Jul 31 23:23:15 CST 2018]; root of context hierarchy
2018-07-31 23:34:52,136:INFO Thread-11 (MBeanExporter.java:451) - Unregistering JMX-exposed beans on shutdown
2018-07-31 23:34:52,139:INFO Thread-11 (MBeanRegistrationSupport.java:183) - Unregistering JMX-exposed beans
2018-07-31 23:34:52,147:INFO Thread-11 (DruidDataSource.java:1825) - {dataSource-1} closed
2018-07-31 23:34:56,385:INFO main (StartupInfoLogger.java:50) - Starting SpringbootApplication on QinLeideMBP with PID 1650 (started by qinlei in /Users/qinlei/工程目录/WebWorkSpace/springboot)
2018-07-31 23:34:56,389:INFO main (SpringApplication.java:659) - No active profile set, falling back to default profiles: default
2018-07-31 23:34:56,494:INFO main (AbstractApplicationContext.java:590) - Refreshing org.springframework.boot.web.servlet.context.AnnotationConfigServletWebServerApplicationContext@368247b9: startup date [Tue Jul 31 23:34:56 CST 2018]; root of context hierarchy
2018-07-31 23:34:57,790:INFO main (TomcatWebServer.java:91) - Tomcat initialized with port(s): 8088 (http)
2018-07-31 23:34:57,804:INFO main (DirectJDKLog.java:180) - Initializing ProtocolHandler ["http-nio-8088"]
2018-07-31 23:34:57,816:INFO main (DirectJDKLog.java:180) - Starting service [Tomcat]
2018-07-31 23:34:57,816:INFO main (DirectJDKLog.java:180) - Starting Servlet Engine: Apache Tomcat/8.5.31
2018-07-31 23:34:57,821:INFO localhost-startStop-1 (DirectJDKLog.java:180) - The APR based Apache Tomcat Native library which allows optimal performance in production environments was not found on the java.library.path: [/Users/qinlei/Library/Java/Extensions:/Library/Java/Extensions:/Network/Library/Java/Extensions:/System/Library/Java/Extensions:/usr/lib/java:.]
2018-07-31 23:34:57,896:INFO localhost-startStop-1 (DirectJDKLog.java:180) - Initializing Spring embedded WebApplicationContext
2018-07-31 23:34:57,896:INFO localhost-startStop-1 (ServletWebServerApplicationContext.java:285) - Root WebApplicationContext: initialization completed in 1409 ms
2018-07-31 23:34:58,063:INFO localhost-startStop-1 (ServletRegistrationBean.java:186) - Servlet dispatcherServlet mapped to [/]
2018-07-31 23:34:58,065:INFO localhost-startStop-1 (ServletRegistrationBean.java:186) - Servlet statViewServlet mapped to [/druid/*]
2018-07-31 23:34:58,070:INFO localhost-startStop-1 (AbstractFilterRegistrationBean.java:245) - Mapping filter: 'characterEncodingFilter' to: [/*]
2018-07-31 23:34:58,070:INFO localhost-startStop-1 (AbstractFilterRegistrationBean.java:245) - Mapping filter: 'hiddenHttpMethodFilter' to: [/*]
2018-07-31 23:34:58,071:INFO localhost-startStop-1 (AbstractFilterRegistrationBean.java:245) - Mapping filter: 'httpPutFormContentFilter' to: [/*]
2018-07-31 23:34:58,071:INFO localhost-startStop-1 (AbstractFilterRegistrationBean.java:245) - Mapping filter: 'requestContextFilter' to: [/*]
2018-07-31 23:34:58,071:INFO localhost-startStop-1 (AbstractFilterRegistrationBean.java:258) - Mapping filter: 'webStatFilter' to urls: [/*]
2018-07-31 23:34:58,159:INFO main (DruidDataSourceAutoConfigure.java:56) - Init DruidDataSource
2018-07-31 23:34:58,681:INFO main (DruidDataSource.java:930) - {dataSource-1} inited
2018-07-31 23:34:58,919:INFO main (AbstractUrlHandlerMapping.java:373) - Mapped URL path [/**/favicon.ico] onto handler of type [class org.springframework.web.servlet.resource.ResourceHttpRequestHandler]
2018-07-31 23:34:59,075:INFO main (RequestMappingHandlerAdapter.java:574) - Looking for @ControllerAdvice: org.springframework.boot.web.servlet.context.AnnotationConfigServletWebServerApplicationContext@368247b9: startup date [Tue Jul 31 23:34:56 CST 2018]; root of context hierarchy
2018-07-31 23:34:59,122:INFO main (AbstractHandlerMethodMapping.java:547) - Mapped "{[/show]}" onto public java.util.List<com.qlprimer.springboot.Entity.User> com.qlprimer.springboot.Controller.ShowDataBase.show()
2018-07-31 23:34:59,129:INFO main (AbstractHandlerMethodMapping.java:547) - Mapped "{[/error]}" onto public org.springframework.http.ResponseEntity<java.util.Map<java.lang.String, java.lang.Object>> org.springframework.boot.autoconfigure.web.servlet.error.BasicErrorController.error(javax.servlet.http.HttpServletRequest)
2018-07-31 23:34:59,131:INFO main (AbstractHandlerMethodMapping.java:547) - Mapped "{[/error],produces=[text/html]}" onto public org.springframework.web.servlet.ModelAndView org.springframework.boot.autoconfigure.web.servlet.error.BasicErrorController.errorHtml(javax.servlet.http.HttpServletRequest,javax.servlet.http.HttpServletResponse)
2018-07-31 23:34:59,162:INFO main (AbstractUrlHandlerMapping.java:373) - Mapped URL path [/webjars/**] onto handler of type [class org.springframework.web.servlet.resource.ResourceHttpRequestHandler]
2018-07-31 23:34:59,163:INFO main (AbstractUrlHandlerMapping.java:373) - Mapped URL path [/**] onto handler of type [class org.springframework.web.servlet.resource.ResourceHttpRequestHandler]
2018-07-31 23:34:59,385:INFO main (ServerEndpointExporter.java:153) - Registering @ServerEndpoint class: class com.qlprimer.springboot.WebSocket.WebSocketService
2018-07-31 23:34:59,398:INFO main (DirectJDKLog.java:180) - Stopping service [Tomcat]
2018-07-31 23:34:59,411:INFO main (ConditionEvaluationReportLoggingListener.java:101) - 

Error starting ApplicationContext. To display the conditions report re-run your application with 'debug' enabled.
2018-07-31 23:34:59,419:ERROR main (SpringApplication.java:842) - Application run failed
java.lang.IllegalStateException: Failed to register @ServerEndpoint class: class com.qlprimer.springboot.WebSocket.WebSocketService
	at org.springframework.web.socket.server.standard.ServerEndpointExporter.registerEndpoint(ServerEndpointExporter.java:158) ~[spring-websocket-5.0.7.RELEASE.jar:5.0.7.RELEASE]
	at org.springframework.web.socket.server.standard.ServerEndpointExporter.registerEndpoints(ServerEndpointExporter.java:133) ~[spring-websocket-5.0.7.RELEASE.jar:5.0.7.RELEASE]
	at org.springframework.web.socket.server.standard.ServerEndpointExporter.afterSingletonsInstantiated(ServerEndpointExporter.java:111) ~[spring-websocket-5.0.7.RELEASE.jar:5.0.7.RELEASE]
	at org.springframework.beans.factory.support.DefaultListableBeanFactory.preInstantiateSingletons(DefaultListableBeanFactory.java:777) ~[spring-beans-5.0.7.RELEASE.jar:5.0.7.RELEASE]
	at org.springframework.context.support.AbstractApplicationContext.finishBeanFactoryInitialization(AbstractApplicationContext.java:869) ~[spring-context-5.0.7.RELEASE.jar:5.0.7.RELEASE]
	at org.springframework.context.support.AbstractApplicationContext.refresh(AbstractApplicationContext.java:550) ~[spring-context-5.0.7.RELEASE.jar:5.0.7.RELEASE]
	at org.springframework.boot.web.servlet.context.ServletWebServerApplicationContext.refresh(ServletWebServerApplicationContext.java:140) ~[spring-boot-2.0.3.RELEASE.jar:2.0.3.RELEASE]
	at org.springframework.boot.SpringApplication.refresh(SpringApplication.java:759) [spring-boot-2.0.3.RELEASE.jar:2.0.3.RELEASE]
	at org.springframework.boot.SpringApplication.refreshContext(SpringApplication.java:395) [spring-boot-2.0.3.RELEASE.jar:2.0.3.RELEASE]
	at org.springframework.boot.SpringApplication.run(SpringApplication.java:327) [spring-boot-2.0.3.RELEASE.jar:2.0.3.RELEASE]
	at org.springframework.boot.SpringApplication.run(SpringApplication.java:1255) [spring-boot-2.0.3.RELEASE.jar:2.0.3.RELEASE]
	at org.springframework.boot.SpringApplication.run(SpringApplication.java:1243) [spring-boot-2.0.3.RELEASE.jar:2.0.3.RELEASE]
	at com.qlprimer.springboot.SpringbootApplication.main(SpringbootApplication.java:13) [classes/:?]
Caused by: javax.websocket.DeploymentException: A parameter of type [class java.lang.String] was found on method[onOpen] of class [java.lang.reflect.Method] that did not have a @PathParam annotation
	at org.apache.tomcat.websocket.pojo.PojoMethodMapping.getPathParams(PojoMethodMapping.java:320) ~[tomcat-embed-websocket-8.5.31.jar:8.5.31]
	at org.apache.tomcat.websocket.pojo.PojoMethodMapping.<init>(PojoMethodMapping.java:185) ~[tomcat-embed-websocket-8.5.31.jar:8.5.31]
	at org.apache.tomcat.websocket.server.WsServerContainer.addEndpoint(WsServerContainer.java:147) ~[tomcat-embed-websocket-8.5.31.jar:8.5.31]
	at org.apache.tomcat.websocket.server.WsServerContainer.addEndpoint(WsServerContainer.java:234) ~[tomcat-embed-websocket-8.5.31.jar:8.5.31]
	at org.springframework.web.socket.server.standard.ServerEndpointExporter.registerEndpoint(ServerEndpointExporter.java:155) ~[spring-websocket-5.0.7.RELEASE.jar:5.0.7.RELEASE]
	... 12 more
2018-07-31 23:34:59,423:INFO main (AbstractApplicationContext.java:993) - Closing org.springframework.boot.web.servlet.context.AnnotationConfigServletWebServerApplicationContext@368247b9: startup date [Tue Jul 31 23:34:56 CST 2018]; root of context hierarchy
2018-07-31 23:34:59,424:INFO main (MBeanExporter.java:451) - Unregistering JMX-exposed beans on shutdown
2018-07-31 23:34:59,430:INFO main (DruidDataSource.java:1825) - {dataSource-1} closed
2018-07-31 23:36:54,908:INFO main (StartupInfoLogger.java:50) - Starting SpringbootApplication on QinLeideMBP with PID 1657 (started by qinlei in /Users/qinlei/工程目录/WebWorkSpace/springboot)
2018-07-31 23:36:54,956:INFO main (SpringApplication.java:659) - No active profile set, falling back to default profiles: default
2018-07-31 23:36:55,109:INFO main (AbstractApplicationContext.java:590) - Refreshing org.springframework.boot.web.servlet.context.AnnotationConfigServletWebServerApplicationContext@368247b9: startup date [Tue Jul 31 23:36:55 CST 2018]; root of context hierarchy
2018-07-31 23:36:56,384:INFO main (TomcatWebServer.java:91) - Tomcat initialized with port(s): 8088 (http)
2018-07-31 23:36:56,398:INFO main (DirectJDKLog.java:180) - Initializing ProtocolHandler ["http-nio-8088"]
2018-07-31 23:36:56,406:INFO main (DirectJDKLog.java:180) - Starting service [Tomcat]
2018-07-31 23:36:56,407:INFO main (DirectJDKLog.java:180) - Starting Servlet Engine: Apache Tomcat/8.5.31
2018-07-31 23:36:56,411:INFO localhost-startStop-1 (DirectJDKLog.java:180) - The APR based Apache Tomcat Native library which allows optimal performance in production environments was not found on the java.library.path: [/Users/qinlei/Library/Java/Extensions:/Library/Java/Extensions:/Network/Library/Java/Extensions:/System/Library/Java/Extensions:/usr/lib/java:.]
2018-07-31 23:36:56,485:INFO localhost-startStop-1 (DirectJDKLog.java:180) - Initializing Spring embedded WebApplicationContext
2018-07-31 23:36:56,486:INFO localhost-startStop-1 (ServletWebServerApplicationContext.java:285) - Root WebApplicationContext: initialization completed in 1381 ms
2018-07-31 23:36:56,614:INFO localhost-startStop-1 (ServletRegistrationBean.java:186) - Servlet dispatcherServlet mapped to [/]
2018-07-31 23:36:56,615:INFO localhost-startStop-1 (ServletRegistrationBean.java:186) - Servlet statViewServlet mapped to [/druid/*]
2018-07-31 23:36:56,618:INFO localhost-startStop-1 (AbstractFilterRegistrationBean.java:245) - Mapping filter: 'characterEncodingFilter' to: [/*]
2018-07-31 23:36:56,619:INFO localhost-startStop-1 (AbstractFilterRegistrationBean.java:245) - Mapping filter: 'hiddenHttpMethodFilter' to: [/*]
2018-07-31 23:36:56,619:INFO localhost-startStop-1 (AbstractFilterRegistrationBean.java:245) - Mapping filter: 'httpPutFormContentFilter' to: [/*]
2018-07-31 23:36:56,619:INFO localhost-startStop-1 (AbstractFilterRegistrationBean.java:245) - Mapping filter: 'requestContextFilter' to: [/*]
2018-07-31 23:36:56,619:INFO localhost-startStop-1 (AbstractFilterRegistrationBean.java:258) - Mapping filter: 'webStatFilter' to urls: [/*]
2018-07-31 23:36:56,703:INFO main (DruidDataSourceAutoConfigure.java:56) - Init DruidDataSource
2018-07-31 23:36:57,175:INFO main (DruidDataSource.java:930) - {dataSource-1} inited
2018-07-31 23:36:57,394:INFO main (AbstractUrlHandlerMapping.java:373) - Mapped URL path [/**/favicon.ico] onto handler of type [class org.springframework.web.servlet.resource.ResourceHttpRequestHandler]
2018-07-31 23:36:57,561:INFO main (RequestMappingHandlerAdapter.java:574) - Looking for @ControllerAdvice: org.springframework.boot.web.servlet.context.AnnotationConfigServletWebServerApplicationContext@368247b9: startup date [Tue Jul 31 23:36:55 CST 2018]; root of context hierarchy
2018-07-31 23:36:57,604:INFO main (AbstractHandlerMethodMapping.java:547) - Mapped "{[/show]}" onto public java.util.List<com.qlprimer.springboot.Entity.User> com.qlprimer.springboot.Controller.ShowDataBase.show()
2018-07-31 23:36:57,612:INFO main (AbstractHandlerMethodMapping.java:547) - Mapped "{[/error]}" onto public org.springframework.http.ResponseEntity<java.util.Map<java.lang.String, java.lang.Object>> org.springframework.boot.autoconfigure.web.servlet.error.BasicErrorController.error(javax.servlet.http.HttpServletRequest)
2018-07-31 23:36:57,614:INFO main (AbstractHandlerMethodMapping.java:547) - Mapped "{[/error],produces=[text/html]}" onto public org.springframework.web.servlet.ModelAndView org.springframework.boot.autoconfigure.web.servlet.error.BasicErrorController.errorHtml(javax.servlet.http.HttpServletRequest,javax.servlet.http.HttpServletResponse)
2018-07-31 23:36:57,637:INFO main (AbstractUrlHandlerMapping.java:373) - Mapped URL path [/webjars/**] onto handler of type [class org.springframework.web.servlet.resource.ResourceHttpRequestHandler]
2018-07-31 23:36:57,637:INFO main (AbstractUrlHandlerMapping.java:373) - Mapped URL path [/**] onto handler of type [class org.springframework.web.servlet.resource.ResourceHttpRequestHandler]
2018-07-31 23:36:57,854:INFO main (ServerEndpointExporter.java:153) - Registering @ServerEndpoint class: class com.qlprimer.springboot.WebSocket.WebSocketService
2018-07-31 23:36:57,866:INFO main (DirectJDKLog.java:180) - Stopping service [Tomcat]
2018-07-31 23:36:57,877:INFO main (ConditionEvaluationReportLoggingListener.java:101) - 

Error starting ApplicationContext. To display the conditions report re-run your application with 'debug' enabled.
2018-07-31 23:36:57,884:ERROR main (SpringApplication.java:842) - Application run failed
java.lang.IllegalStateException: Failed to register @ServerEndpoint class: class com.qlprimer.springboot.WebSocket.WebSocketService
	at org.springframework.web.socket.server.standard.ServerEndpointExporter.registerEndpoint(ServerEndpointExporter.java:158) ~[spring-websocket-5.0.7.RELEASE.jar:5.0.7.RELEASE]
	at org.springframework.web.socket.server.standard.ServerEndpointExporter.registerEndpoints(ServerEndpointExporter.java:133) ~[spring-websocket-5.0.7.RELEASE.jar:5.0.7.RELEASE]
	at org.springframework.web.socket.server.standard.ServerEndpointExporter.afterSingletonsInstantiated(ServerEndpointExporter.java:111) ~[spring-websocket-5.0.7.RELEASE.jar:5.0.7.RELEASE]
	at org.springframework.beans.factory.support.DefaultListableBeanFactory.preInstantiateSingletons(DefaultListableBeanFactory.java:777) ~[spring-beans-5.0.7.RELEASE.jar:5.0.7.RELEASE]
	at org.springframework.context.support.AbstractApplicationContext.finishBeanFactoryInitialization(AbstractApplicationContext.java:869) ~[spring-context-5.0.7.RELEASE.jar:5.0.7.RELEASE]
	at org.springframework.context.support.AbstractApplicationContext.refresh(AbstractApplicationContext.java:550) ~[spring-context-5.0.7.RELEASE.jar:5.0.7.RELEASE]
	at org.springframework.boot.web.servlet.context.ServletWebServerApplicationContext.refresh(ServletWebServerApplicationContext.java:140) ~[spring-boot-2.0.3.RELEASE.jar:2.0.3.RELEASE]
	at org.springframework.boot.SpringApplication.refresh(SpringApplication.java:759) [spring-boot-2.0.3.RELEASE.jar:2.0.3.RELEASE]
	at org.springframework.boot.SpringApplication.refreshContext(SpringApplication.java:395) [spring-boot-2.0.3.RELEASE.jar:2.0.3.RELEASE]
	at org.springframework.boot.SpringApplication.run(SpringApplication.java:327) [spring-boot-2.0.3.RELEASE.jar:2.0.3.RELEASE]
	at org.springframework.boot.SpringApplication.run(SpringApplication.java:1255) [spring-boot-2.0.3.RELEASE.jar:2.0.3.RELEASE]
	at org.springframework.boot.SpringApplication.run(SpringApplication.java:1243) [spring-boot-2.0.3.RELEASE.jar:2.0.3.RELEASE]
	at com.qlprimer.springboot.SpringbootApplication.main(SpringbootApplication.java:13) [classes/:?]
Caused by: javax.websocket.DeploymentException: A parameter of type [class java.lang.String] was found on method[onOpen] of class [java.lang.reflect.Method] that did not have a @PathParam annotation
	at org.apache.tomcat.websocket.pojo.PojoMethodMapping.getPathParams(PojoMethodMapping.java:320) ~[tomcat-embed-websocket-8.5.31.jar:8.5.31]
	at org.apache.tomcat.websocket.pojo.PojoMethodMapping.<init>(PojoMethodMapping.java:185) ~[tomcat-embed-websocket-8.5.31.jar:8.5.31]
	at org.apache.tomcat.websocket.server.WsServerContainer.addEndpoint(WsServerContainer.java:147) ~[tomcat-embed-websocket-8.5.31.jar:8.5.31]
	at org.apache.tomcat.websocket.server.WsServerContainer.addEndpoint(WsServerContainer.java:234) ~[tomcat-embed-websocket-8.5.31.jar:8.5.31]
	at org.springframework.web.socket.server.standard.ServerEndpointExporter.registerEndpoint(ServerEndpointExporter.java:155) ~[spring-websocket-5.0.7.RELEASE.jar:5.0.7.RELEASE]
	... 12 more
2018-07-31 23:36:57,890:INFO main (AbstractApplicationContext.java:993) - Closing org.springframework.boot.web.servlet.context.AnnotationConfigServletWebServerApplicationContext@368247b9: startup date [Tue Jul 31 23:36:55 CST 2018]; root of context hierarchy
2018-07-31 23:36:57,892:INFO main (MBeanExporter.java:451) - Unregistering JMX-exposed beans on shutdown
2018-07-31 23:36:57,900:INFO main (DruidDataSource.java:1825) - {dataSource-1} closed
2018-07-31 23:38:13,389:INFO main (StartupInfoLogger.java:50) - Starting SpringbootApplication on QinLeideMBP with PID 1665 (started by qinlei in /Users/qinlei/工程目录/WebWorkSpace/springboot)
2018-07-31 23:38:13,424:INFO main (SpringApplication.java:659) - No active profile set, falling back to default profiles: default
2018-07-31 23:38:13,570:INFO main (AbstractApplicationContext.java:590) - Refreshing org.springframework.boot.web.servlet.context.AnnotationConfigServletWebServerApplicationContext@368247b9: startup date [Tue Jul 31 23:38:13 CST 2018]; root of context hierarchy
2018-07-31 23:38:14,846:INFO main (TomcatWebServer.java:91) - Tomcat initialized with port(s): 8088 (http)
2018-07-31 23:38:14,865:INFO main (DirectJDKLog.java:180) - Initializing ProtocolHandler ["http-nio-8088"]
2018-07-31 23:38:14,880:INFO main (DirectJDKLog.java:180) - Starting service [Tomcat]
2018-07-31 23:38:14,881:INFO main (DirectJDKLog.java:180) - Starting Servlet Engine: Apache Tomcat/8.5.31
2018-07-31 23:38:14,911:INFO localhost-startStop-1 (DirectJDKLog.java:180) - The APR based Apache Tomcat Native library which allows optimal performance in production environments was not found on the java.library.path: [/Users/qinlei/Library/Java/Extensions:/Library/Java/Extensions:/Network/Library/Java/Extensions:/System/Library/Java/Extensions:/usr/lib/java:.]
2018-07-31 23:38:14,987:INFO localhost-startStop-1 (DirectJDKLog.java:180) - Initializing Spring embedded WebApplicationContext
2018-07-31 23:38:14,987:INFO localhost-startStop-1 (ServletWebServerApplicationContext.java:285) - Root WebApplicationContext: initialization completed in 1421 ms
2018-07-31 23:38:15,144:INFO localhost-startStop-1 (ServletRegistrationBean.java:186) - Servlet dispatcherServlet mapped to [/]
2018-07-31 23:38:15,145:INFO localhost-startStop-1 (ServletRegistrationBean.java:186) - Servlet statViewServlet mapped to [/druid/*]
2018-07-31 23:38:15,152:INFO localhost-startStop-1 (AbstractFilterRegistrationBean.java:245) - Mapping filter: 'characterEncodingFilter' to: [/*]
2018-07-31 23:38:15,153:INFO localhost-startStop-1 (AbstractFilterRegistrationBean.java:245) - Mapping filter: 'hiddenHttpMethodFilter' to: [/*]
2018-07-31 23:38:15,154:INFO localhost-startStop-1 (AbstractFilterRegistrationBean.java:245) - Mapping filter: 'httpPutFormContentFilter' to: [/*]
2018-07-31 23:38:15,154:INFO localhost-startStop-1 (AbstractFilterRegistrationBean.java:245) - Mapping filter: 'requestContextFilter' to: [/*]
2018-07-31 23:38:15,154:INFO localhost-startStop-1 (AbstractFilterRegistrationBean.java:258) - Mapping filter: 'webStatFilter' to urls: [/*]
2018-07-31 23:38:15,218:INFO main (DruidDataSourceAutoConfigure.java:56) - Init DruidDataSource
2018-07-31 23:38:15,711:INFO main (DruidDataSource.java:930) - {dataSource-1} inited
2018-07-31 23:38:15,961:INFO main (AbstractUrlHandlerMapping.java:373) - Mapped URL path [/**/favicon.ico] onto handler of type [class org.springframework.web.servlet.resource.ResourceHttpRequestHandler]
2018-07-31 23:38:16,118:INFO main (RequestMappingHandlerAdapter.java:574) - Looking for @ControllerAdvice: org.springframework.boot.web.servlet.context.AnnotationConfigServletWebServerApplicationContext@368247b9: startup date [Tue Jul 31 23:38:13 CST 2018]; root of context hierarchy
2018-07-31 23:38:16,157:INFO main (AbstractHandlerMethodMapping.java:547) - Mapped "{[/show]}" onto public java.util.List<com.qlprimer.springboot.Entity.User> com.qlprimer.springboot.Controller.ShowDataBase.show()
2018-07-31 23:38:16,163:INFO main (AbstractHandlerMethodMapping.java:547) - Mapped "{[/error]}" onto public org.springframework.http.ResponseEntity<java.util.Map<java.lang.String, java.lang.Object>> org.springframework.boot.autoconfigure.web.servlet.error.BasicErrorController.error(javax.servlet.http.HttpServletRequest)
2018-07-31 23:38:16,164:INFO main (AbstractHandlerMethodMapping.java:547) - Mapped "{[/error],produces=[text/html]}" onto public org.springframework.web.servlet.ModelAndView org.springframework.boot.autoconfigure.web.servlet.error.BasicErrorController.errorHtml(javax.servlet.http.HttpServletRequest,javax.servlet.http.HttpServletResponse)
2018-07-31 23:38:16,193:INFO main (AbstractUrlHandlerMapping.java:373) - Mapped URL path [/webjars/**] onto handler of type [class org.springframework.web.servlet.resource.ResourceHttpRequestHandler]
2018-07-31 23:38:16,194:INFO main (AbstractUrlHandlerMapping.java:373) - Mapped URL path [/**] onto handler of type [class org.springframework.web.servlet.resource.ResourceHttpRequestHandler]
2018-07-31 23:38:16,459:INFO main (ServerEndpointExporter.java:153) - Registering @ServerEndpoint class: class com.qlprimer.springboot.WebSocket.WebSocketService
2018-07-31 23:38:16,468:INFO main (DirectJDKLog.java:180) - Stopping service [Tomcat]
2018-07-31 23:38:16,488:INFO main (ConditionEvaluationReportLoggingListener.java:101) - 

Error starting ApplicationContext. To display the conditions report re-run your application with 'debug' enabled.
2018-07-31 23:38:16,493:ERROR main (SpringApplication.java:842) - Application run failed
java.lang.IllegalArgumentException: The segment [ws?token={token}] is not valid in the provided path [/ws?token={token}]
	at org.apache.tomcat.websocket.server.UriTemplate.<init>(UriTemplate.java:89) ~[tomcat-embed-websocket-8.5.31.jar:8.5.31]
	at org.apache.tomcat.websocket.server.WsServerContainer.addEndpoint(WsServerContainer.java:155) ~[tomcat-embed-websocket-8.5.31.jar:8.5.31]
	at org.apache.tomcat.websocket.server.WsServerContainer.addEndpoint(WsServerContainer.java:234) ~[tomcat-embed-websocket-8.5.31.jar:8.5.31]
	at org.springframework.web.socket.server.standard.ServerEndpointExporter.registerEndpoint(ServerEndpointExporter.java:155) ~[spring-websocket-5.0.7.RELEASE.jar:5.0.7.RELEASE]
	at org.springframework.web.socket.server.standard.ServerEndpointExporter.registerEndpoints(ServerEndpointExporter.java:133) ~[spring-websocket-5.0.7.RELEASE.jar:5.0.7.RELEASE]
	at org.springframework.web.socket.server.standard.ServerEndpointExporter.afterSingletonsInstantiated(ServerEndpointExporter.java:111) ~[spring-websocket-5.0.7.RELEASE.jar:5.0.7.RELEASE]
	at org.springframework.beans.factory.support.DefaultListableBeanFactory.preInstantiateSingletons(DefaultListableBeanFactory.java:777) ~[spring-beans-5.0.7.RELEASE.jar:5.0.7.RELEASE]
	at org.springframework.context.support.AbstractApplicationContext.finishBeanFactoryInitialization(AbstractApplicationContext.java:869) ~[spring-context-5.0.7.RELEASE.jar:5.0.7.RELEASE]
	at org.springframework.context.support.AbstractApplicationContext.refresh(AbstractApplicationContext.java:550) ~[spring-context-5.0.7.RELEASE.jar:5.0.7.RELEASE]
	at org.springframework.boot.web.servlet.context.ServletWebServerApplicationContext.refresh(ServletWebServerApplicationContext.java:140) ~[spring-boot-2.0.3.RELEASE.jar:2.0.3.RELEASE]
	at org.springframework.boot.SpringApplication.refresh(SpringApplication.java:759) [spring-boot-2.0.3.RELEASE.jar:2.0.3.RELEASE]
	at org.springframework.boot.SpringApplication.refreshContext(SpringApplication.java:395) [spring-boot-2.0.3.RELEASE.jar:2.0.3.RELEASE]
	at org.springframework.boot.SpringApplication.run(SpringApplication.java:327) [spring-boot-2.0.3.RELEASE.jar:2.0.3.RELEASE]
	at org.springframework.boot.SpringApplication.run(SpringApplication.java:1255) [spring-boot-2.0.3.RELEASE.jar:2.0.3.RELEASE]
	at org.springframework.boot.SpringApplication.run(SpringApplication.java:1243) [spring-boot-2.0.3.RELEASE.jar:2.0.3.RELEASE]
	at com.qlprimer.springboot.SpringbootApplication.main(SpringbootApplication.java:13) [classes/:?]
2018-07-31 23:38:16,496:INFO main (AbstractApplicationContext.java:993) - Closing org.springframework.boot.web.servlet.context.AnnotationConfigServletWebServerApplicationContext@368247b9: startup date [Tue Jul 31 23:38:13 CST 2018]; root of context hierarchy
2018-07-31 23:38:16,497:INFO main (MBeanExporter.java:451) - Unregistering JMX-exposed beans on shutdown
2018-07-31 23:38:16,502:INFO main (DruidDataSource.java:1825) - {dataSource-1} closed
2018-07-31 23:40:06,088:INFO main (StartupInfoLogger.java:50) - Starting SpringbootApplication on QinLeideMBP with PID 1673 (started by qinlei in /Users/qinlei/工程目录/WebWorkSpace/springboot)
2018-07-31 23:40:06,100:INFO main (SpringApplication.java:659) - No active profile set, falling back to default profiles: default
2018-07-31 23:40:06,219:INFO main (AbstractApplicationContext.java:590) - Refreshing org.springframework.boot.web.servlet.context.AnnotationConfigServletWebServerApplicationContext@1a6d8329: startup date [Tue Jul 31 23:40:06 CST 2018]; root of context hierarchy
2018-07-31 23:40:07,442:INFO main (TomcatWebServer.java:91) - Tomcat initialized with port(s): 8088 (http)
2018-07-31 23:40:07,464:INFO main (DirectJDKLog.java:180) - Initializing ProtocolHandler ["http-nio-8088"]
2018-07-31 23:40:07,475:INFO main (DirectJDKLog.java:180) - Starting service [Tomcat]
2018-07-31 23:40:07,475:INFO main (DirectJDKLog.java:180) - Starting Servlet Engine: Apache Tomcat/8.5.31
2018-07-31 23:40:07,480:INFO localhost-startStop-1 (DirectJDKLog.java:180) - The APR based Apache Tomcat Native library which allows optimal performance in production environments was not found on the java.library.path: [/Users/qinlei/Library/Java/Extensions:/Library/Java/Extensions:/Network/Library/Java/Extensions:/System/Library/Java/Extensions:/usr/lib/java:.]
2018-07-31 23:40:07,582:INFO localhost-startStop-1 (DirectJDKLog.java:180) - Initializing Spring embedded WebApplicationContext
2018-07-31 23:40:07,582:INFO localhost-startStop-1 (ServletWebServerApplicationContext.java:285) - Root WebApplicationContext: initialization completed in 1369 ms
2018-07-31 23:40:07,733:INFO localhost-startStop-1 (ServletRegistrationBean.java:186) - Servlet dispatcherServlet mapped to [/]
2018-07-31 23:40:07,735:INFO localhost-startStop-1 (ServletRegistrationBean.java:186) - Servlet statViewServlet mapped to [/druid/*]
2018-07-31 23:40:07,737:INFO localhost-startStop-1 (AbstractFilterRegistrationBean.java:245) - Mapping filter: 'characterEncodingFilter' to: [/*]
2018-07-31 23:40:07,737:INFO localhost-startStop-1 (AbstractFilterRegistrationBean.java:245) - Mapping filter: 'hiddenHttpMethodFilter' to: [/*]
2018-07-31 23:40:07,738:INFO localhost-startStop-1 (AbstractFilterRegistrationBean.java:245) - Mapping filter: 'httpPutFormContentFilter' to: [/*]
2018-07-31 23:40:07,738:INFO localhost-startStop-1 (AbstractFilterRegistrationBean.java:245) - Mapping filter: 'requestContextFilter' to: [/*]
2018-07-31 23:40:07,738:INFO localhost-startStop-1 (AbstractFilterRegistrationBean.java:258) - Mapping filter: 'webStatFilter' to urls: [/*]
2018-07-31 23:40:07,806:INFO main (DruidDataSourceAutoConfigure.java:56) - Init DruidDataSource
2018-07-31 23:40:08,251:INFO main (DruidDataSource.java:930) - {dataSource-1} inited
2018-07-31 23:40:08,470:INFO main (AbstractUrlHandlerMapping.java:373) - Mapped URL path [/**/favicon.ico] onto handler of type [class org.springframework.web.servlet.resource.ResourceHttpRequestHandler]
2018-07-31 23:40:08,641:INFO main (RequestMappingHandlerAdapter.java:574) - Looking for @ControllerAdvice: org.springframework.boot.web.servlet.context.AnnotationConfigServletWebServerApplicationContext@1a6d8329: startup date [Tue Jul 31 23:40:06 CST 2018]; root of context hierarchy
2018-07-31 23:40:08,690:INFO main (AbstractHandlerMethodMapping.java:547) - Mapped "{[/show]}" onto public java.util.List<com.qlprimer.springboot.Entity.User> com.qlprimer.springboot.Controller.ShowDataBase.show()
2018-07-31 23:40:08,696:INFO main (AbstractHandlerMethodMapping.java:547) - Mapped "{[/error]}" onto public org.springframework.http.ResponseEntity<java.util.Map<java.lang.String, java.lang.Object>> org.springframework.boot.autoconfigure.web.servlet.error.BasicErrorController.error(javax.servlet.http.HttpServletRequest)
2018-07-31 23:40:08,698:INFO main (AbstractHandlerMethodMapping.java:547) - Mapped "{[/error],produces=[text/html]}" onto public org.springframework.web.servlet.ModelAndView org.springframework.boot.autoconfigure.web.servlet.error.BasicErrorController.errorHtml(javax.servlet.http.HttpServletRequest,javax.servlet.http.HttpServletResponse)
2018-07-31 23:40:08,721:INFO main (AbstractUrlHandlerMapping.java:373) - Mapped URL path [/webjars/**] onto handler of type [class org.springframework.web.servlet.resource.ResourceHttpRequestHandler]
2018-07-31 23:40:08,721:INFO main (AbstractUrlHandlerMapping.java:373) - Mapped URL path [/**] onto handler of type [class org.springframework.web.servlet.resource.ResourceHttpRequestHandler]
2018-07-31 23:40:08,957:INFO main (ServerEndpointExporter.java:153) - Registering @ServerEndpoint class: class com.qlprimer.springboot.WebSocket.WebSocketService
2018-07-31 23:40:08,966:INFO main (MBeanExporter.java:433) - Registering beans for JMX exposure on startup
2018-07-31 23:40:08,967:INFO main (MBeanExporter.java:895) - Bean with name 'statFilter' has been autodetected for JMX exposure
2018-07-31 23:40:08,967:INFO main (MBeanExporter.java:895) - Bean with name 'dataSource' has been autodetected for JMX exposure
2018-07-31 23:40:08,972:INFO main (MBeanExporter.java:668) - Located MBean 'dataSource': registering with JMX server as MBean [com.alibaba.druid.spring.boot.autoconfigure:name=dataSource,type=DruidDataSourceWrapper]
2018-07-31 23:40:08,973:INFO main (MBeanExporter.java:668) - Located MBean 'statFilter': registering with JMX server as MBean [com.alibaba.druid.filter.stat:name=statFilter,type=StatFilter]
2018-07-31 23:40:08,986:INFO main (DirectJDKLog.java:180) - Starting ProtocolHandler ["http-nio-8088"]
2018-07-31 23:40:09,014:INFO main (DirectJDKLog.java:180) - Using a shared selector for servlet write/read
2018-07-31 23:40:09,024:INFO main (TomcatWebServer.java:206) - Tomcat started on port(s): 8088 (http) with context path ''
2018-07-31 23:40:09,029:INFO main (StartupInfoLogger.java:59) - Started SpringbootApplication in 3.469 seconds (JVM running for 4.591)
2018-07-31 23:40:22,892:INFO http-nio-8088-exec-1 (DirectJDKLog.java:180) - Initializing Spring FrameworkServlet 'dispatcherServlet'
2018-07-31 23:40:22,892:INFO http-nio-8088-exec-1 (FrameworkServlet.java:494) - FrameworkServlet 'dispatcherServlet': initialization started
2018-07-31 23:40:22,910:INFO http-nio-8088-exec-1 (FrameworkServlet.java:509) - FrameworkServlet 'dispatcherServlet': initialization completed in 17 ms
2018-07-31 23:40:22,964:INFO http-nio-8088-exec-1 (WebSocketService.java:26) - Token====>qweqwe
2018-07-31 23:40:22,965:INFO http-nio-8088-exec-1 (WebSocketService.java:30) - 新接入客户端：qweqwe,当前客户端人数：1
2018-07-31 23:40:34,406:INFO http-nio-8088-exec-2 (WebSocketService.java:45) - 有一个连线关闭！当前在线人数：0
